[2022-12-22T17:25:50.602] [ERROR] Error - Error: ER_NOT_SUPPORTED_AUTH_MODE: Client does not support authentication protocol requested by server; consider upgrading MySQL client
    at Sequence._packetToError (/home/alexisvp97/Escritorio/CursoBackend/Desafios/Desafio_20/node_modules/mysql/lib/protocol/sequences/Sequence.js:47:14)
    at Handshake.ErrorPacket (/home/alexisvp97/Escritorio/CursoBackend/Desafios/Desafio_20/node_modules/mysql/lib/protocol/sequences/Handshake.js:123:18)
    at Protocol._parsePacket (/home/alexisvp97/Escritorio/CursoBackend/Desafios/Desafio_20/node_modules/mysql/lib/protocol/Protocol.js:291:23)
    at Parser._parsePacket (/home/alexisvp97/Escritorio/CursoBackend/Desafios/Desafio_20/node_modules/mysql/lib/protocol/Parser.js:433:10)
    at Parser.write (/home/alexisvp97/Escritorio/CursoBackend/Desafios/Desafio_20/node_modules/mysql/lib/protocol/Parser.js:43:10)
    at Protocol.write (/home/alexisvp97/Escritorio/CursoBackend/Desafios/Desafio_20/node_modules/mysql/lib/protocol/Protocol.js:38:16)
    at Socket.<anonymous> (/home/alexisvp97/Escritorio/CursoBackend/Desafios/Desafio_20/node_modules/mysql/lib/Connection.js:88:28)
    at Socket.<anonymous> (/home/alexisvp97/Escritorio/CursoBackend/Desafios/Desafio_20/node_modules/mysql/lib/Connection.js:526:10)
    at Socket.emit (node:events:513:28)
    at addChunk (node:internal/streams/readable:324:12)
    at readableAddChunk (node:internal/streams/readable:297:9)
    at Readable.push (node:internal/streams/readable:234:10)
    at TCP.onStreamRead (node:internal/stream_base_commons:190:23)
    --------------------
    at Protocol._enqueue (/home/alexisvp97/Escritorio/CursoBackend/Desafios/Desafio_20/node_modules/mysql/lib/protocol/Protocol.js:144:48)
    at Protocol.handshake (/home/alexisvp97/Escritorio/CursoBackend/Desafios/Desafio_20/node_modules/mysql/lib/protocol/Protocol.js:51:23)
    at Connection.connect (/home/alexisvp97/Escritorio/CursoBackend/Desafios/Desafio_20/node_modules/mysql/lib/Connection.js:116:18)
    at /home/alexisvp97/Escritorio/CursoBackend/Desafios/Desafio_20/node_modules/knex/lib/dialects/mysql/index.js:66:18
    at new Promise (<anonymous>)
    at Client_MySQL.acquireRawConnection (/home/alexisvp97/Escritorio/CursoBackend/Desafios/Desafio_20/node_modules/knex/lib/dialects/mysql/index.js:61:12)
    at create (/home/alexisvp97/Escritorio/CursoBackend/Desafios/Desafio_20/node_modules/knex/lib/client.js:249:39) {
  code: 'ER_NOT_SUPPORTED_AUTH_MODE',
  errno: 1251,
  sqlMessage: 'Client does not support authentication protocol requested by server; consider upgrading MySQL client',
  sqlState: '08004',
  fatal: true
}
[2022-12-28T18:27:00.025] [ERROR] Error - [Mongoose(MongoBD)] - Error: Could not connect to any servers in your MongoDB Atlas cluster. One common reason is that you're trying to access the database from an IP that isn't whitelisted. Make sure your current IP address is on your Atlas cluster's IP whitelist: https://docs.atlas.mongodb.com/security-whitelist/
[2022-12-28T21:25:37.174] [ERROR] Error - {
  request: {
    method: 'GET',
    url: '/api/products/6397a13d032e590d96e47528',
    header: {
      host: 'localhost:8080',
      connection: 'keep-alive',
      'cache-control': 'max-age=0',
      'upgrade-insecure-requests': '1',
      'user-agent': 'Mozilla/5.0 (X11; Linux x86_64) AppleWebKit/537.36 (KHTML, like Gecko) Chrome/107.0.0.0 Safari/537.36',
      accept: 'text/html,application/xhtml+xml,application/xml;q=0.9,image/avif,image/webp,image/apng,*/*;q=0.8',
      'sec-gpc': '1',
      'accept-language': 'en-GB,en',
      'sec-fetch-site': 'none',
      'sec-fetch-mode': 'navigate',
      'sec-fetch-user': '?1',
      'sec-fetch-dest': 'document',
      'accept-encoding': 'gzip, deflate, br'
    }
  },
  response: {
    status: 404,
    message: 'Not Found',
    header: [Object: null prototype] {}
  },
  app: { subdomainOffset: 2, proxy: false, env: 'development' },
  originalUrl: '/api/products/6397a13d032e590d96e47528',
  req: '<original node req>',
  res: '<original node res>',
  socket: '<original node socket>'
}
[2022-12-28T21:27:50.935] [ERROR] Error - {
  request: {
    method: 'GET',
    url: '/api/products/6397a13d032e590d96e47528',
    header: {
      host: 'localhost:8080',
      connection: 'keep-alive',
      'cache-control': 'max-age=0',
      'upgrade-insecure-requests': '1',
      'user-agent': 'Mozilla/5.0 (X11; Linux x86_64) AppleWebKit/537.36 (KHTML, like Gecko) Chrome/107.0.0.0 Safari/537.36',
      accept: 'text/html,application/xhtml+xml,application/xml;q=0.9,image/avif,image/webp,image/apng,*/*;q=0.8',
      'sec-gpc': '1',
      'accept-language': 'en-GB,en',
      'sec-fetch-site': 'none',
      'sec-fetch-mode': 'navigate',
      'sec-fetch-user': '?1',
      'sec-fetch-dest': 'document',
      'accept-encoding': 'gzip, deflate, br'
    }
  },
  response: {
    status: 404,
    message: 'Not Found',
    header: [Object: null prototype] {}
  },
  app: { subdomainOffset: 2, proxy: false, env: 'development' },
  originalUrl: '/api/products/6397a13d032e590d96e47528',
  req: '<original node req>',
  res: '<original node res>',
  socket: '<original node socket>'
}
[2022-12-28T21:28:11.582] [ERROR] Error - {
  request: {
    method: 'GET',
    url: '/api/products/6397a13d032e590d96e47528',
    header: {
      host: 'localhost:8080',
      connection: 'keep-alive',
      'cache-control': 'max-age=0',
      'upgrade-insecure-requests': '1',
      'user-agent': 'Mozilla/5.0 (X11; Linux x86_64) AppleWebKit/537.36 (KHTML, like Gecko) Chrome/107.0.0.0 Safari/537.36',
      accept: 'text/html,application/xhtml+xml,application/xml;q=0.9,image/avif,image/webp,image/apng,*/*;q=0.8',
      'sec-gpc': '1',
      'accept-language': 'en-GB,en',
      'sec-fetch-site': 'none',
      'sec-fetch-mode': 'navigate',
      'sec-fetch-user': '?1',
      'sec-fetch-dest': 'document',
      'accept-encoding': 'gzip, deflate, br'
    }
  },
  response: {
    status: 404,
    message: 'Not Found',
    header: [Object: null prototype] {}
  },
  app: { subdomainOffset: 2, proxy: false, env: 'development' },
  originalUrl: '/api/products/6397a13d032e590d96e47528',
  req: '<original node req>',
  res: '<original node res>',
  socket: '<original node socket>'
}
[2022-12-28T21:29:15.228] [ERROR] Error - {
  request: {
    method: 'GET',
    url: '/api/products/6397a13d032e590d96e47528',
    header: {
      host: 'localhost:8080',
      connection: 'keep-alive',
      'cache-control': 'max-age=0',
      'upgrade-insecure-requests': '1',
      'user-agent': 'Mozilla/5.0 (X11; Linux x86_64) AppleWebKit/537.36 (KHTML, like Gecko) Chrome/107.0.0.0 Safari/537.36',
      accept: 'text/html,application/xhtml+xml,application/xml;q=0.9,image/avif,image/webp,image/apng,*/*;q=0.8',
      'sec-gpc': '1',
      'accept-language': 'en-GB,en',
      'sec-fetch-site': 'none',
      'sec-fetch-mode': 'navigate',
      'sec-fetch-user': '?1',
      'sec-fetch-dest': 'document',
      'accept-encoding': 'gzip, deflate, br'
    }
  },
  response: {
    status: 404,
    message: 'Not Found',
    header: [Object: null prototype] {}
  },
  app: { subdomainOffset: 2, proxy: false, env: 'development' },
  originalUrl: '/api/products/6397a13d032e590d96e47528',
  req: '<original node req>',
  res: '<original node res>',
  socket: '<original node socket>'
}
[2022-12-28T21:29:45.345] [ERROR] Error - {
  request: {
    method: 'GET',
    url: '/api/products/6397a13d032e590d96e47528',
    header: {
      host: 'localhost:8080',
      connection: 'keep-alive',
      'cache-control': 'max-age=0',
      'upgrade-insecure-requests': '1',
      'user-agent': 'Mozilla/5.0 (X11; Linux x86_64) AppleWebKit/537.36 (KHTML, like Gecko) Chrome/107.0.0.0 Safari/537.36',
      accept: 'text/html,application/xhtml+xml,application/xml;q=0.9,image/avif,image/webp,image/apng,*/*;q=0.8',
      'sec-gpc': '1',
      'accept-language': 'en-GB,en',
      'sec-fetch-site': 'none',
      'sec-fetch-mode': 'navigate',
      'sec-fetch-user': '?1',
      'sec-fetch-dest': 'document',
      'accept-encoding': 'gzip, deflate, br'
    }
  },
  response: {
    status: 404,
    message: 'Not Found',
    header: [Object: null prototype] {}
  },
  app: { subdomainOffset: 2, proxy: false, env: 'development' },
  originalUrl: '/api/products/6397a13d032e590d96e47528',
  req: '<original node req>',
  res: '<original node res>',
  socket: '<original node socket>'
}
[2022-12-28T21:31:17.426] [ERROR] Error - {
  request: {
    method: 'GET',
    url: '/api/products/6397a13d032e590d96e47528',
    header: {
      host: 'localhost:8080',
      connection: 'keep-alive',
      'cache-control': 'max-age=0',
      'upgrade-insecure-requests': '1',
      'user-agent': 'Mozilla/5.0 (X11; Linux x86_64) AppleWebKit/537.36 (KHTML, like Gecko) Chrome/107.0.0.0 Safari/537.36',
      accept: 'text/html,application/xhtml+xml,application/xml;q=0.9,image/avif,image/webp,image/apng,*/*;q=0.8',
      'sec-gpc': '1',
      'accept-language': 'en-GB,en',
      'sec-fetch-site': 'none',
      'sec-fetch-mode': 'navigate',
      'sec-fetch-user': '?1',
      'sec-fetch-dest': 'document',
      'accept-encoding': 'gzip, deflate, br'
    }
  },
  response: {
    status: 404,
    message: 'Not Found',
    header: [Object: null prototype] {}
  },
  app: { subdomainOffset: 2, proxy: false, env: 'development' },
  originalUrl: '/api/products/6397a13d032e590d96e47528',
  req: '<original node req>',
  res: '<original node res>',
  socket: '<original node socket>'
}
[2022-12-28T21:32:04.209] [ERROR] Error - {
  request: {
    method: 'GET',
    url: '/api/products/6397a13d032e590d96e47528',
    header: {
      host: 'localhost:8080',
      connection: 'keep-alive',
      'cache-control': 'max-age=0',
      'upgrade-insecure-requests': '1',
      'user-agent': 'Mozilla/5.0 (X11; Linux x86_64) AppleWebKit/537.36 (KHTML, like Gecko) Chrome/107.0.0.0 Safari/537.36',
      accept: 'text/html,application/xhtml+xml,application/xml;q=0.9,image/avif,image/webp,image/apng,*/*;q=0.8',
      'sec-gpc': '1',
      'accept-language': 'en-GB,en',
      'sec-fetch-site': 'none',
      'sec-fetch-mode': 'navigate',
      'sec-fetch-user': '?1',
      'sec-fetch-dest': 'document',
      'accept-encoding': 'gzip, deflate, br'
    }
  },
  response: {
    status: 404,
    message: 'Not Found',
    header: [Object: null prototype] {}
  },
  app: { subdomainOffset: 2, proxy: false, env: 'development' },
  originalUrl: '/api/products/6397a13d032e590d96e47528',
  req: '<original node req>',
  res: '<original node res>',
  socket: '<original node socket>'
}
[2022-12-28T21:58:56.633] [ERROR] Error - {
  request: {
    method: 'GET',
    url: '/api/products/6397a13d032e590d96e47528',
    header: {
      host: 'localhost:8080',
      connection: 'keep-alive',
      'cache-control': 'max-age=0',
      'upgrade-insecure-requests': '1',
      'user-agent': 'Mozilla/5.0 (X11; Linux x86_64) AppleWebKit/537.36 (KHTML, like Gecko) Chrome/107.0.0.0 Safari/537.36',
      accept: 'text/html,application/xhtml+xml,application/xml;q=0.9,image/avif,image/webp,image/apng,*/*;q=0.8',
      'sec-gpc': '1',
      'accept-language': 'en-GB,en',
      'sec-fetch-site': 'none',
      'sec-fetch-mode': 'navigate',
      'sec-fetch-user': '?1',
      'sec-fetch-dest': 'document',
      'accept-encoding': 'gzip, deflate, br'
    }
  },
  response: {
    status: 404,
    message: 'Not Found',
    header: [Object: null prototype] {}
  },
  app: { subdomainOffset: 2, proxy: false, env: 'development' },
  originalUrl: '/api/products/6397a13d032e590d96e47528',
  req: '<original node req>',
  res: '<original node res>',
  socket: '<original node socket>'
}
[2022-12-28T21:59:38.123] [ERROR] Error - {
  request: {
    method: 'GET',
    url: '/api/products/6397a13d032e590d96e47528',
    header: {
      host: 'localhost:8080',
      connection: 'keep-alive',
      'cache-control': 'max-age=0',
      'upgrade-insecure-requests': '1',
      'user-agent': 'Mozilla/5.0 (X11; Linux x86_64) AppleWebKit/537.36 (KHTML, like Gecko) Chrome/107.0.0.0 Safari/537.36',
      accept: 'text/html,application/xhtml+xml,application/xml;q=0.9,image/avif,image/webp,image/apng,*/*;q=0.8',
      'sec-gpc': '1',
      'accept-language': 'en-GB,en',
      'sec-fetch-site': 'none',
      'sec-fetch-mode': 'navigate',
      'sec-fetch-user': '?1',
      'sec-fetch-dest': 'document',
      'accept-encoding': 'gzip, deflate, br'
    }
  },
  response: {
    status: 404,
    message: 'Not Found',
    header: [Object: null prototype] {}
  },
  app: { subdomainOffset: 2, proxy: false, env: 'development' },
  originalUrl: '/api/products/6397a13d032e590d96e47528',
  req: '<original node req>',
  res: '<original node res>',
  socket: '<original node socket>'
}
[2022-12-28T22:00:03.847] [ERROR] Error - {
  request: {
    method: 'GET',
    url: '/api/fake-products',
    header: {
      host: 'localhost:8080',
      connection: 'keep-alive',
      'cache-control': 'max-age=0',
      'upgrade-insecure-requests': '1',
      'user-agent': 'Mozilla/5.0 (X11; Linux x86_64) AppleWebKit/537.36 (KHTML, like Gecko) Chrome/107.0.0.0 Safari/537.36',
      accept: 'text/html,application/xhtml+xml,application/xml;q=0.9,image/avif,image/webp,image/apng,*/*;q=0.8',
      'sec-gpc': '1',
      'accept-language': 'en-GB,en',
      'sec-fetch-site': 'none',
      'sec-fetch-mode': 'navigate',
      'sec-fetch-user': '?1',
      'sec-fetch-dest': 'document',
      'accept-encoding': 'gzip, deflate, br'
    }
  },
  response: {
    status: 404,
    message: 'Not Found',
    header: [Object: null prototype] {}
  },
  app: { subdomainOffset: 2, proxy: false, env: 'development' },
  originalUrl: '/api/fake-products',
  req: '<original node req>',
  res: '<original node res>',
  socket: '<original node socket>'
}
[2022-12-28T22:14:31.799] [ERROR] Error - HTTP status:  404  -  Error al insertar: uno o más campos quedaron vacíos.
[2022-12-28T22:14:31.910] [ERROR] Error - HTTP status:  404  -  Error al listar: no se encontró el producto con el id indicado.
[2022-12-28T22:14:31.993] [ERROR] Error - HTTP status:  404  -  Error al actualizar: uno o más campos quedaron vacíos.
[2022-12-28T22:14:32.046] [ERROR] Error - HTTP status:  404  -  Error al actualizar: no se encontró el producto con el id indicado.
[2022-12-28T22:14:32.156] [ERROR] Error - HTTP status:  404  -  Error al borrar: no se encontró el producto con el id indicado.
[2022-12-28T22:16:42.034] [ERROR] Error - Cast to ObjectId failed for value "1" (type string) at path "_id" for model "Products"
[2022-12-28T22:16:58.129] [ERROR] Error - Cast to ObjectId failed for value "hola" (type string) at path "_id" for model "Products"
